2018-07-25 17:14:42 WARN  JettyServer:109 - warn!!
2018-10-17 11:59:23 WARN  HttpChannel:573 - /test
java.lang.NoClassDefFoundError: org/apache/commons/io/output/DeferredFileOutputStream
	at org.apache.commons.fileupload.disk.DiskFileItemFactory.createItem(DiskFileItemFactory.java:191)
	at org.apache.commons.fileupload.FileUploadBase.parseRequest(FileUploadBase.java:350)
	at org.apache.commons.fileupload.servlet.ServletFileUpload.parseRequest(ServletFileUpload.java:126)
	at jettyserver.handles.TestServlet.doPost(TestServlet.java:44)
	at javax.servlet.http.HttpServlet.service(HttpServlet.java:707)
	at javax.servlet.http.HttpServlet.service(HttpServlet.java:790)
	at org.eclipse.jetty.servlet.ServletHolder.handle(ServletHolder.java:865)
	at org.eclipse.jetty.servlet.ServletHandler$CachedChain.doFilter(ServletHandler.java:1655)
	at org.eclipse.jetty.websocket.server.WebSocketUpgradeFilter.doFilter(WebSocketUpgradeFilter.java:215)
	at org.eclipse.jetty.servlet.ServletHandler$CachedChain.doFilter(ServletHandler.java:1642)
	at org.eclipse.jetty.servlet.ServletHandler.doHandle(ServletHandler.java:533)
	at org.eclipse.jetty.server.handler.ScopedHandler.nextHandle(ScopedHandler.java:255)
	at org.eclipse.jetty.server.session.SessionHandler.doHandle(SessionHandler.java:1595)
	at org.eclipse.jetty.server.handler.ScopedHandler.nextHandle(ScopedHandler.java:255)
	at org.eclipse.jetty.server.handler.ContextHandler.doHandle(ContextHandler.java:1317)
	at org.eclipse.jetty.server.handler.ScopedHandler.nextScope(ScopedHandler.java:203)
	at org.eclipse.jetty.servlet.ServletHandler.doScope(ServletHandler.java:473)
	at org.eclipse.jetty.server.session.SessionHandler.doScope(SessionHandler.java:1564)
	at org.eclipse.jetty.server.handler.ScopedHandler.nextScope(ScopedHandler.java:201)
	at org.eclipse.jetty.server.handler.ContextHandler.doScope(ContextHandler.java:1219)
	at org.eclipse.jetty.server.handler.ScopedHandler.handle(ScopedHandler.java:144)
	at org.eclipse.jetty.server.handler.HandlerList.handle(HandlerList.java:61)
	at org.eclipse.jetty.server.handler.HandlerWrapper.handle(HandlerWrapper.java:132)
	at org.eclipse.jetty.server.Server.handle(Server.java:531)
	at org.eclipse.jetty.server.HttpChannel.handle(HttpChannel.java:352)
	at org.eclipse.jetty.server.HttpConnection.onFillable(HttpConnection.java:260)
	at org.eclipse.jetty.io.AbstractConnection$ReadCallback.succeeded(AbstractConnection.java:281)
	at org.eclipse.jetty.io.FillInterest.fillable(FillInterest.java:102)
	at org.eclipse.jetty.io.ChannelEndPoint$2.run(ChannelEndPoint.java:118)
	at org.eclipse.jetty.util.thread.QueuedThreadPool.runJob(QueuedThreadPool.java:762)
	at org.eclipse.jetty.util.thread.QueuedThreadPool$2.run(QueuedThreadPool.java:680)
	at java.lang.Thread.run(Thread.java:748)
Caused by: java.lang.ClassNotFoundException: org.apache.commons.io.output.DeferredFileOutputStream
	at java.net.URLClassLoader.findClass(URLClassLoader.java:381)
	at java.lang.ClassLoader.loadClass(ClassLoader.java:424)
	at sun.misc.Launcher$AppClassLoader.loadClass(Launcher.java:338)
	at java.lang.ClassLoader.loadClass(ClassLoader.java:357)
	... 32 more
2018-10-17 12:01:22 WARN  HttpChannel:573 - /test
java.lang.NoClassDefFoundError: org/apache/commons/io/output/DeferredFileOutputStream
	at org.apache.commons.fileupload.disk.DiskFileItemFactory.createItem(DiskFileItemFactory.java:191)
	at org.apache.commons.fileupload.FileUploadBase.parseRequest(FileUploadBase.java:350)
	at org.apache.commons.fileupload.servlet.ServletFileUpload.parseRequest(ServletFileUpload.java:126)
	at jettyserver.handles.TestServlet.doPost(TestServlet.java:44)
	at javax.servlet.http.HttpServlet.service(HttpServlet.java:707)
	at javax.servlet.http.HttpServlet.service(HttpServlet.java:790)
	at org.eclipse.jetty.servlet.ServletHolder.handle(ServletHolder.java:865)
	at org.eclipse.jetty.servlet.ServletHandler$CachedChain.doFilter(ServletHandler.java:1655)
	at org.eclipse.jetty.websocket.server.WebSocketUpgradeFilter.doFilter(WebSocketUpgradeFilter.java:215)
	at org.eclipse.jetty.servlet.ServletHandler$CachedChain.doFilter(ServletHandler.java:1642)
	at org.eclipse.jetty.servlet.ServletHandler.doHandle(ServletHandler.java:533)
	at org.eclipse.jetty.server.handler.ScopedHandler.nextHandle(ScopedHandler.java:255)
	at org.eclipse.jetty.server.session.SessionHandler.doHandle(SessionHandler.java:1595)
	at org.eclipse.jetty.server.handler.ScopedHandler.nextHandle(ScopedHandler.java:255)
	at org.eclipse.jetty.server.handler.ContextHandler.doHandle(ContextHandler.java:1317)
	at org.eclipse.jetty.server.handler.ScopedHandler.nextScope(ScopedHandler.java:203)
	at org.eclipse.jetty.servlet.ServletHandler.doScope(ServletHandler.java:473)
	at org.eclipse.jetty.server.session.SessionHandler.doScope(SessionHandler.java:1564)
	at org.eclipse.jetty.server.handler.ScopedHandler.nextScope(ScopedHandler.java:201)
	at org.eclipse.jetty.server.handler.ContextHandler.doScope(ContextHandler.java:1219)
	at org.eclipse.jetty.server.handler.ScopedHandler.handle(ScopedHandler.java:144)
	at org.eclipse.jetty.server.handler.HandlerList.handle(HandlerList.java:61)
	at org.eclipse.jetty.server.handler.HandlerWrapper.handle(HandlerWrapper.java:132)
	at org.eclipse.jetty.server.Server.handle(Server.java:531)
	at org.eclipse.jetty.server.HttpChannel.handle(HttpChannel.java:352)
	at org.eclipse.jetty.server.HttpConnection.onFillable(HttpConnection.java:260)
	at org.eclipse.jetty.io.AbstractConnection$ReadCallback.succeeded(AbstractConnection.java:281)
	at org.eclipse.jetty.io.FillInterest.fillable(FillInterest.java:102)
	at org.eclipse.jetty.io.ChannelEndPoint$2.run(ChannelEndPoint.java:118)
	at org.eclipse.jetty.util.thread.QueuedThreadPool.runJob(QueuedThreadPool.java:762)
	at org.eclipse.jetty.util.thread.QueuedThreadPool$2.run(QueuedThreadPool.java:680)
	at java.lang.Thread.run(Thread.java:748)
Caused by: java.lang.ClassNotFoundException: org.apache.commons.io.output.DeferredFileOutputStream
	at java.net.URLClassLoader.findClass(URLClassLoader.java:381)
	at java.lang.ClassLoader.loadClass(ClassLoader.java:424)
	at sun.misc.Launcher$AppClassLoader.loadClass(Launcher.java:338)
	at java.lang.ClassLoader.loadClass(ClassLoader.java:357)
	... 32 more
